<?xml version="1.0" encoding="UTF-8"?>
<testsuite name="SearchTest" tests="1" skipped="0" failures="0" errors="0" timestamp="2021-10-24T18:34:22" hostname="DESKTOP-B2CL133" time="7.727">
  <properties/>
  <testcase name="selenideSearchTest()" classname="SearchTest" time="7.727"/>
  <system-out><![CDATA[]]></system-out>
  <system-err><![CDATA[SLF4J: Failed to load class "org.slf4j.impl.StaticLoggerBinder".
SLF4J: Defaulting to no-operation (NOP) logger implementation
SLF4J: See http://www.slf4j.org/codes.html#StaticLoggerBinder for further details.
Starting ChromeDriver 95.0.4638.17 (a9d0719444d4b035e284ed1fce73bf6ccd789df2-refs/branch-heads/4638@{#178}) on port 43367
Only local connections are allowed.
Please see https://chromedriver.chromium.org/security-considerations for suggestions on keeping ChromeDriver safe.
ChromeDriver was started successfully.
окт 25, 2021 12:34:27 AM org.openqa.selenium.remote.ProtocolHandshake createSession
INFO: Detected dialect: W3C
]]></system-err>
</testsuite>
